build/app/intermediates/manifest_merge_blame_file/release/manifest-merger-blame-release-report.txt
1<?xml version="1.0" encoding="utf-8"?>
2<manifest xmlns:android="http://schemas.android.com/apk/res/android"
3    package="com.example.flutter_application_1"
4    android:versionCode="1"
5    android:versionName="1.0.0" >
6
7    <uses-sdk
8        android:minSdkVersion="19"
8-->src\main\AndroidManifest.xml
9        android:targetSdkVersion="33" />
9-->src\main\AndroidManifest.xml
10    <!--
11         Required to query activities that can process text, see:
12         https://developer.android.com/training/package-visibility?hl=en and
13         https://developer.android.com/reference/android/content/Intent#ACTION_PROCESS_TEXT.
14
15         In particular, this is used by the Flutter engine in io.flutter.plugin.text.ProcessTextPlugin.
16    -->
17    <queries>
17-->src\main\AndroidManifest.xml:38:5-43:15
18        <intent>
18-->src\main\AndroidManifest.xml:39:9-42:18
19            <action android:name="android.intent.action.PROCESS_TEXT" />
19-->src\main\AndroidManifest.xml:40:13-72
19-->src\main\AndroidManifest.xml:40:21-70
20
21            <data android:mimeType="text/plain" />
21-->src\main\AndroidManifest.xml:41:13-50
21-->src\main\AndroidManifest.xml:41:19-48
22        </intent>
23    </queries>
24
25    <uses-permission android:name="android.permission.CAMERA" />
25-->[:flutter_barcode_scanner] AndroidManifest.xml:9:5-65
25-->[:flutter_barcode_scanner] AndroidManifest.xml:9:22-62
26
27    <uses-feature android:name="android.hardware.camera" />
27-->[:flutter_barcode_scanner] AndroidManifest.xml:11:5-60
27-->[:flutter_barcode_scanner] AndroidManifest.xml:11:19-57
28
29    <uses-permission android:name="android.permission.FLASHLIGHT" />
29-->[:flutter_barcode_scanner] AndroidManifest.xml:13:5-69
29-->[:flutter_barcode_scanner] AndroidManifest.xml:13:22-66
30
31    <application
32        android:name="android.app.Application"
32-->src\main\AndroidManifest.xml:4:9-42
33        android:appComponentFactory="androidx.core.app.CoreComponentFactory"
33-->[androidx.core:core:1.6.0] AndroidManifest.xml:24:18-86
34        android:icon="@mipmap/ic_launcher"
34-->src\main\AndroidManifest.xml:5:9-43
35        android:label="flutter_application_1"
35-->src\main\AndroidManifest.xml:3:9-46
36        android:largeHeap="true"
36-->[:flutter_barcode_scanner] AndroidManifest.xml:16:9-33
37        android:theme="@style/Theme.AppCompat.NoActionBar" >
37-->[:flutter_barcode_scanner] AndroidManifest.xml:17:9-59
38        <activity
38-->src\main\AndroidManifest.xml:6:9-26:20
39            android:name="com.example.flutter_application_1.MainActivity"
39-->src\main\AndroidManifest.xml:7:13-41
40            android:configChanges="orientation|keyboardHidden|keyboard|screenSize|smallestScreenSize|locale|layoutDirection|fontScale|screenLayout|density|uiMode"
40-->src\main\AndroidManifest.xml:11:13-163
41            android:exported="true"
41-->src\main\AndroidManifest.xml:8:13-36
42            android:hardwareAccelerated="true"
42-->src\main\AndroidManifest.xml:12:13-47
43            android:launchMode="singleTop"
43-->src\main\AndroidManifest.xml:9:13-43
44            android:theme="@style/LaunchTheme"
44-->src\main\AndroidManifest.xml:10:13-47
45            android:windowSoftInputMode="adjustResize" >
45-->src\main\AndroidManifest.xml:13:13-55
46
47            <!--
48                 Specifies an Android theme to apply to this Activity as soon as
49                 the Android process has started. This theme is visible to the user
50                 while the Flutter UI initializes. After that, this theme continues
51                 to determine the Window background behind the Flutter UI.
52            -->
53            <meta-data
53-->src\main\AndroidManifest.xml:18:13-21:17
54                android:name="io.flutter.embedding.android.NormalTheme"
54-->src\main\AndroidManifest.xml:19:15-70
55                android:resource="@style/NormalTheme" />
55-->src\main\AndroidManifest.xml:20:15-52
56
57            <intent-filter>
57-->src\main\AndroidManifest.xml:22:13-25:29
58                <action android:name="android.intent.action.MAIN" />
58-->src\main\AndroidManifest.xml:23:17-68
58-->src\main\AndroidManifest.xml:23:25-66
59
60                <category android:name="android.intent.category.LAUNCHER" />
60-->src\main\AndroidManifest.xml:24:17-76
60-->src\main\AndroidManifest.xml:24:27-74
61            </intent-filter>
62        </activity>
63        <!--
64             Don't delete the meta-data below.
65             This is used by the Flutter tool to generate GeneratedPluginRegistrant.java
66        -->
67        <meta-data
67-->src\main\AndroidManifest.xml:29:9-31:33
68            android:name="flutterEmbedding"
68-->src\main\AndroidManifest.xml:30:13-44
69            android:value="2" />
69-->src\main\AndroidManifest.xml:31:13-30
70
71        <activity android:name="com.amolg.flutterbarcodescanner.BarcodeCaptureActivity" />
71-->[:flutter_barcode_scanner] AndroidManifest.xml:18:9-91
71-->[:flutter_barcode_scanner] AndroidManifest.xml:18:19-88
72
73        <uses-library
73-->[androidx.window:window:1.0.0-beta04] AndroidManifest.xml:25:9-27:40
74            android:name="androidx.window.extensions"
74-->[androidx.window:window:1.0.0-beta04] AndroidManifest.xml:26:13-54
75            android:required="false" />
75-->[androidx.window:window:1.0.0-beta04] AndroidManifest.xml:27:13-37
76        <uses-library
76-->[androidx.window:window:1.0.0-beta04] AndroidManifest.xml:28:9-30:40
77            android:name="androidx.window.sidecar"
77-->[androidx.window:window:1.0.0-beta04] AndroidManifest.xml:29:13-51
78            android:required="false" />
78-->[androidx.window:window:1.0.0-beta04] AndroidManifest.xml:30:13-37
79
80        <activity
80-->[com.google.android.gms:play-services-base:17.4.0] AndroidManifest.xml:23:9-26:75
81            android:name="com.google.android.gms.common.api.GoogleApiActivity"
81-->[com.google.android.gms:play-services-base:17.4.0] AndroidManifest.xml:24:13-79
82            android:exported="false"
82-->[com.google.android.gms:play-services-base:17.4.0] AndroidManifest.xml:25:13-37
83            android:theme="@android:style/Theme.Translucent.NoTitleBar" />
83-->[com.google.android.gms:play-services-base:17.4.0] AndroidManifest.xml:26:13-72
84
85        <meta-data
85-->[com.google.android.gms:play-services-basement:17.4.0] AndroidManifest.xml:23:9-25:69
86            android:name="com.google.android.gms.version"
86-->[com.google.android.gms:play-services-basement:17.4.0] AndroidManifest.xml:24:13-58
87            android:value="@integer/google_play_services_version" />
87-->[com.google.android.gms:play-services-basement:17.4.0] AndroidManifest.xml:25:13-66
88    </application>
89
90</manifest>